<?xml version="1.0" encoding="UTF-8"?>
<!-- Generated by org.testng.reporters.JUnitReportReporter -->
<testsuite hostname="Haroon" failures="0" tests="1" name="AmazonRgressionSteps.AmazonRegressionSteps" time="7.117" errors="0" timestamp="2021-04-15T15:56:41 PDT" skipped="0">
  <testcase classname="AmazonRgressionSteps.AmazonRegressionSteps" name="f" time="7.117"/>
  <system-out/>
</testsuite> <!-- AmazonRgressionSteps.AmazonRegressionSteps -->
