<?xml version="1.0" encoding="UTF-8"?>
<!-- Generated by org.testng.reporters.JUnitReportReporter -->
<testsuite hostname="Haroon" failures="0" tests="1" name="Com.Tech.AutomationProject.Automaion" time="0.029" errors="0" timestamp="2021-04-03T10:51:54 PDT" skipped="0">
  <testcase classname="Com.Tech.AutomationProject.Automaion" name="f" time="0.029"/>
  <system-out/>
</testsuite> <!-- Com.Tech.AutomationProject.Automaion -->
