<?xml version="1.0" encoding="UTF-8"?>
<!-- Generated by org.testng.reporters.JUnitReportReporter -->
<testsuite hostname="Haroon" failures="0" tests="6" name="AmazonRgressionSteps.SingDataProvider" time="74.611" errors="0" timestamp="2021-04-26T23:21:22 PDT" skipped="0">
  <testcase classname="AmazonRgressionSteps.SingDataProvider" name="f" time="12.375"/>
  <system-out/>
  <testcase classname="AmazonRgressionSteps.SingDataProvider" name="f" time="12.404"/>
  <system-out/>
  <testcase classname="AmazonRgressionSteps.SingDataProvider" name="f" time="12.392"/>
  <system-out/>
  <testcase classname="AmazonRgressionSteps.SingDataProvider" name="f" time="12.389"/>
  <system-out/>
  <testcase classname="AmazonRgressionSteps.SingDataProvider" name="f" time="12.414"/>
  <system-out/>
  <testcase classname="AmazonRgressionSteps.SingDataProvider" name="f" time="12.637"/>
  <system-out/>
</testsuite> <!-- AmazonRgressionSteps.SingDataProvider -->
