<?xml version="1.0" encoding="UTF-8"?>
<!-- Generated by org.testng.reporters.JUnitReportReporter -->
<testsuite hostname="Haroon" failures="0" tests="2" name="Com.Tech.AutomationProject.AmazonBrowsorTestNg" time="5.826" errors="0" timestamp="2021-04-05T22:42:20 PDT" skipped="0">
  <testcase classname="Com.Tech.AutomationProject.AmazonBrowsorTestNg" name="GiftCard" time="5.530"/>
  <system-out/>
  <testcase classname="Com.Tech.AutomationProject.AmazonBrowsorTestNg" name="f" time="0.296"/>
  <system-out/>
</testsuite> <!-- Com.Tech.AutomationProject.AmazonBrowsorTestNg -->
