<?xml version="1.0" encoding="UTF-8"?>
<!-- Generated by org.testng.reporters.JUnitReportReporter -->
<testsuite hostname="Haroon" failures="0" tests="1" name="AmazonRgressionSteps.AmazonRegressionScript" time="8.321" errors="0" timestamp="2021-04-16T21:59:44 PDT" skipped="0">
  <testcase classname="AmazonRgressionSteps.AmazonRegressionScript" name="f" time="8.321"/>
  <system-out/>
</testsuite> <!-- AmazonRgressionSteps.AmazonRegressionScript -->
