<?xml version="1.0" encoding="UTF-8"?>
<!-- Generated by org.testng.reporters.JUnitReportReporter -->
<testsuite hostname="Haroon" failures="0" tests="1" name="Common.NewTest" time="0.036" errors="0" timestamp="2021-04-20T13:16:24 PDT" skipped="0">
  <testcase classname="Common.NewTest" name="f" time="0.036"/>
  <system-out/>
</testsuite> <!-- Common.NewTest -->
