<?xml version="1.0" encoding="UTF-8"?>
<!-- Generated by org.testng.reporters.JUnitReportReporter -->
<testsuite hostname="Haroon" failures="0" tests="1" name="AmazonRgressionSteps.AmazonSign" time="12.512" errors="0" timestamp="2021-04-27T00:41:09 PDT" skipped="0">
  <testcase classname="AmazonRgressionSteps.AmazonSign" name="f" time="12.512"/>
  <system-out/>
</testsuite> <!-- AmazonRgressionSteps.AmazonSign -->
