<?xml version="1.0" encoding="UTF-8"?>
<!-- Generated by org.testng.reporters.JUnitReportReporter -->
<testsuite hostname="Haroon" failures="0" tests="3" name="AmazonRgressionSteps.FabookSignThroughPropertiesFile" time="14.990" errors="0" timestamp="2021-04-28T00:39:19 PDT" skipped="0">
  <testcase classname="AmazonRgressionSteps.FabookSignThroughPropertiesFile" name="f" time="14.979"/>
  <system-out/>
  <testcase classname="AmazonRgressionSteps.FabookSignThroughPropertiesFile" name="Regression" time="0.003"/>
  <system-out/>
  <testcase classname="AmazonRgressionSteps.FabookSignThroughPropertiesFile" name="Adhock" time="0.008"/>
  <system-out/>
</testsuite> <!-- AmazonRgressionSteps.FabookSignThroughPropertiesFile -->
